<?xml version="1.0" encoding="UTF-8"?>
<testng-results ignored="0" total="5" passed="4" failed="1" skipped="0">
  <reporter-output>
  </reporter-output>
  <suite started-at="2019-10-14T13:17:55Z" name="Default suite" finished-at="2019-10-14T13:18:39Z" duration-ms="44507">
    <groups>
    </groups>
    <test started-at="2019-10-14T13:17:55Z" name="Default test" finished-at="2019-10-14T13:18:39Z" duration-ms="44507">
      <class name="com.chauhan.Saurabh.HeroImageProducttestscripts">
        <test-method is-config="true" signature="startReport()[pri:0, instance:com.chauhan.Saurabh.HeroImageProducttestscripts@2aa3cd93]" started-at="2019-10-14T13:17:55Z" name="startReport" finished-at="2019-10-14T13:17:55Z" duration-ms="312" status="PASS">
          <reporter-output>
          </reporter-output>
        </test-method> <!-- startReport -->
        <test-method is-config="true" signature="intitailizeBrowser()[pri:0, instance:com.chauhan.Saurabh.HeroImageProducttestscripts@2aa3cd93]" started-at="2019-10-14T13:17:55Z" name="intitailizeBrowser" finished-at="2019-10-14T13:18:11Z" duration-ms="16048" status="PASS">
          <reporter-output>
          </reporter-output>
        </test-method> <!-- intitailizeBrowser -->
        <test-method is-config="true" signature="loadLocatorsFile()[pri:0, instance:com.chauhan.Saurabh.HeroImageProducttestscripts@2aa3cd93]" started-at="2019-10-14T13:18:11Z" name="loadLocatorsFile" finished-at="2019-10-14T13:18:11Z" depends-on-methods="com.chauhan.Saurabh.testBase.TestBase.intitailizeBrowser" duration-ms="47" status="PASS">
          <reporter-output>
          </reporter-output>
        </test-method> <!-- loadLocatorsFile -->
        <test-method signature="homePageRedirection()[pri:4, instance:com.chauhan.Saurabh.HeroImageProducttestscripts@2aa3cd93]" started-at="2019-10-14T13:18:11Z" name="homePageRedirection" finished-at="2019-10-14T13:18:11Z" duration-ms="31" status="FAIL">
          <exception class="java.lang.AssertionError">
            <message>
              <![CDATA[expected [null] but found [KonaKart]]]>
            </message>
            <full-stacktrace>
              <![CDATA[java.lang.AssertionError: expected [null] but found [KonaKart]
at org.testng.Assert.fail(Assert.java:96)
at org.testng.Assert.failNotEquals(Assert.java:776)
at org.testng.Assert.assertEqualsImpl(Assert.java:132)
at org.testng.Assert.assertEquals(Assert.java:118)
at org.testng.Assert.assertEquals(Assert.java:453)
at org.testng.Assert.assertEquals(Assert.java:463)
at com.chauhan.Saurabh.pages.HomePage.isRedirectionCorrect(HomePage.java:21)
at com.chauhan.Saurabh.HeroImageProducttestscripts.homePageRedirection(HeroImageProducttestscripts.java:43)
at java.base/jdk.internal.reflect.NativeMethodAccessorImpl.invoke0(Native Method)
at java.base/jdk.internal.reflect.NativeMethodAccessorImpl.invoke(NativeMethodAccessorImpl.java:62)
at java.base/jdk.internal.reflect.DelegatingMethodAccessorImpl.invoke(DelegatingMethodAccessorImpl.java:43)
at java.base/java.lang.reflect.Method.invoke(Method.java:567)
at org.testng.internal.MethodInvocationHelper.invokeMethod(MethodInvocationHelper.java:124)
at org.testng.internal.Invoker.invokeMethod(Invoker.java:583)
at org.testng.internal.Invoker.invokeTestMethod(Invoker.java:719)
at org.testng.internal.Invoker.invokeTestMethods(Invoker.java:989)
at org.testng.internal.TestMethodWorker.invokeTestMethods(TestMethodWorker.java:125)
at org.testng.internal.TestMethodWorker.run(TestMethodWorker.java:109)
at org.testng.TestRunner.privateRun(TestRunner.java:648)
at org.testng.TestRunner.run(TestRunner.java:505)
at org.testng.SuiteRunner.runTest(SuiteRunner.java:455)
at org.testng.SuiteRunner.runSequentially(SuiteRunner.java:450)
at org.testng.SuiteRunner.privateRun(SuiteRunner.java:415)
at org.testng.SuiteRunner.run(SuiteRunner.java:364)
at org.testng.SuiteRunnerWorker.runSuite(SuiteRunnerWorker.java:52)
at org.testng.SuiteRunnerWorker.run(SuiteRunnerWorker.java:84)
at org.testng.TestNG.runSuitesSequentially(TestNG.java:1208)
at org.testng.TestNG.runSuitesLocally(TestNG.java:1137)
at org.testng.TestNG.runSuites(TestNG.java:1049)
at org.testng.TestNG.run(TestNG.java:1017)
at org.testng.remote.AbstractRemoteTestNG.run(AbstractRemoteTestNG.java:115)
at org.testng.remote.RemoteTestNG.initAndRun(RemoteTestNG.java:251)
at org.testng.remote.RemoteTestNG.main(RemoteTestNG.java:77)
]]>
            </full-stacktrace>
          </exception> <!-- java.lang.AssertionError -->
          <reporter-output>
          </reporter-output>
        </test-method> <!-- homePageRedirection -->
        <test-method is-config="true" signature="tearDown(org.testng.ITestResult)[pri:0, instance:com.chauhan.Saurabh.HeroImageProducttestscripts@2aa3cd93]" started-at="2019-10-14T13:18:11Z" name="tearDown" finished-at="2019-10-14T13:18:12Z" duration-ms="572" status="PASS">
          <params>
            <param index="0">
              <value>
                <![CDATA[[TestResult name=homePageRedirection status=FAILURE method=HeroImageProducttestscripts.homePageRedirection()[pri:4, instance:com.chauhan.Saurabh.HeroImageProducttestscripts@2aa3cd93] output={null}]]]>
              </value>
            </param>
          </params>
          <reporter-output>
          </reporter-output>
        </test-method> <!-- tearDown -->
        <test-method signature="validateContents()[pri:5, instance:com.chauhan.Saurabh.HeroImageProducttestscripts@2aa3cd93]" started-at="2019-10-14T13:18:12Z" name="validateContents" finished-at="2019-10-14T13:18:18Z" duration-ms="6818" status="PASS">
          <reporter-output>
          </reporter-output>
        </test-method> <!-- validateContents -->
        <test-method is-config="true" signature="tearDown(org.testng.ITestResult)[pri:0, instance:com.chauhan.Saurabh.HeroImageProducttestscripts@2aa3cd93]" started-at="2019-10-14T13:18:18Z" name="tearDown" finished-at="2019-10-14T13:18:18Z" duration-ms="1" status="PASS">
          <params>
            <param index="0">
              <value>
                <![CDATA[[TestResult name=validateContents status=SUCCESS method=HeroImageProducttestscripts.validateContents()[pri:5, instance:com.chauhan.Saurabh.HeroImageProducttestscripts@2aa3cd93] output={null}]]]>
              </value>
            </param>
          </params>
          <reporter-output>
          </reporter-output>
        </test-method> <!-- tearDown -->
        <test-method signature="validateSortingFunctionality()[pri:6, instance:com.chauhan.Saurabh.HeroImageProducttestscripts@2aa3cd93]" started-at="2019-10-14T13:18:18Z" name="validateSortingFunctionality" finished-at="2019-10-14T13:18:19Z" duration-ms="169" status="PASS">
          <reporter-output>
          </reporter-output>
        </test-method> <!-- validateSortingFunctionality -->
        <test-method is-config="true" signature="tearDown(org.testng.ITestResult)[pri:0, instance:com.chauhan.Saurabh.HeroImageProducttestscripts@2aa3cd93]" started-at="2019-10-14T13:18:19Z" name="tearDown" finished-at="2019-10-14T13:18:19Z" duration-ms="1" status="PASS">
          <params>
            <param index="0">
              <value>
                <![CDATA[[TestResult name=validateSortingFunctionality status=SUCCESS method=HeroImageProducttestscripts.validateSortingFunctionality()[pri:6, instance:com.chauhan.Saurabh.HeroImageProducttestscripts@2aa3cd93] output={null}]]]>
              </value>
            </param>
          </params>
          <reporter-output>
          </reporter-output>
        </test-method> <!-- tearDown -->
        <test-method signature="validateSortingByDate()[pri:7, instance:com.chauhan.Saurabh.HeroImageProducttestscripts@2aa3cd93]" started-at="2019-10-14T13:18:19Z" name="validateSortingByDate" finished-at="2019-10-14T13:18:25Z" duration-ms="6395" status="PASS">
          <reporter-output>
          </reporter-output>
        </test-method> <!-- validateSortingByDate -->
        <test-method is-config="true" signature="tearDown(org.testng.ITestResult)[pri:0, instance:com.chauhan.Saurabh.HeroImageProducttestscripts@2aa3cd93]" started-at="2019-10-14T13:18:25Z" name="tearDown" finished-at="2019-10-14T13:18:25Z" duration-ms="1" status="PASS">
          <params>
            <param index="0">
              <value>
                <![CDATA[[TestResult name=validateSortingByDate status=SUCCESS method=HeroImageProducttestscripts.validateSortingByDate()[pri:7, instance:com.chauhan.Saurabh.HeroImageProducttestscripts@2aa3cd93] output={null}]]]>
              </value>
            </param>
          </params>
          <reporter-output>
          </reporter-output>
        </test-method> <!-- tearDown -->
        <test-method signature="validateSortingByRating()[pri:8, instance:com.chauhan.Saurabh.HeroImageProducttestscripts@2aa3cd93]" started-at="2019-10-14T13:18:25Z" name="validateSortingByRating" finished-at="2019-10-14T13:18:39Z" duration-ms="14379" status="PASS">
          <reporter-output>
          </reporter-output>
        </test-method> <!-- validateSortingByRating -->
        <test-method is-config="true" signature="print()[pri:0, instance:com.chauhan.Saurabh.HeroImageProducttestscripts@2aa3cd93]" started-at="2019-10-14T13:18:39Z" name="print" finished-at="2019-10-14T13:18:39Z" duration-ms="1" status="PASS">
          <reporter-output>
          </reporter-output>
        </test-method> <!-- print -->
        <test-method is-config="true" signature="tearDown(org.testng.ITestResult)[pri:0, instance:com.chauhan.Saurabh.HeroImageProducttestscripts@2aa3cd93]" started-at="2019-10-14T13:18:39Z" name="tearDown" finished-at="2019-10-14T13:18:39Z" duration-ms="0" status="PASS">
          <params>
            <param index="0">
              <value>
                <![CDATA[[TestResult name=validateSortingByRating status=SUCCESS method=HeroImageProducttestscripts.validateSortingByRating()[pri:8, instance:com.chauhan.Saurabh.HeroImageProducttestscripts@2aa3cd93] output={null}]]]>
              </value>
            </param>
          </params>
          <reporter-output>
          </reporter-output>
        </test-method> <!-- tearDown -->
        <test-method is-config="true" signature="endReport()[pri:0, instance:com.chauhan.Saurabh.HeroImageProducttestscripts@2aa3cd93]" started-at="2019-10-14T13:18:39Z" name="endReport" finished-at="2019-10-14T13:18:40Z" duration-ms="615" status="PASS">
          <reporter-output>
          </reporter-output>
        </test-method> <!-- endReport -->
      </class> <!-- com.chauhan.Saurabh.HeroImageProducttestscripts -->
    </test> <!-- Default test -->
  </suite> <!-- Default suite -->
</testng-results>
