<!DOCTYPE html PUBLIC "-//W3C//DTD XHTML 1.1//EN" "http://www.w3.org/TR/xhtml11/DTD/xhtml11.dtd">
<html xmlns="http://www.w3.org/1999/xhtml">
<head>
<meta http-equiv="content-type" content="text/html; charset=UTF-8"/>
<title>TestNG Report</title>
<style type="text/css">table {margin-bottom:10px;border-collapse:collapse;empty-cells:show}th,td {border:1px solid #009;padding:.25em .5em}th {vertical-align:bottom}td {vertical-align:top}table a {font-weight:bold}.stripe td {background-color: #E6EBF9}.num {text-align:right}.passedodd td {background-color: #3F3}.passedeven td {background-color: #0A0}.skippedodd td {background-color: #DDD}.skippedeven td {background-color: #CCC}.failedodd td,.attn {background-color: #F33}.failedeven td,.stripe .attn {background-color: #D00}.stacktrace {white-space:pre;font-family:monospace}.totop {font-size:85%;text-align:center;border-bottom:2px solid #000}.invisible {display:none}</style>
</head>
<body>
<table>
<tr><th>Test</th><th># Passed</th><th># Skipped</th><th># Failed</th><th>Time (ms)</th><th>Included Groups</th><th>Excluded Groups</th></tr>
<tr><th colspan="7">Suite</th></tr>
<tr><td><a href="#t0">HomepageTest</a></td><td class="num">5</td><td class="num">0</td><td class="num attn">2</td><td class="num">50,084</td><td></td><td></td></tr>
<tr class="stripe"><td><a href="#t1">HeroImageTest</a></td><td class="num">4</td><td class="num">0</td><td class="num attn">1</td><td class="num">40,596</td><td></td><td></td></tr>
<tr><td><a href="#t2">ComputerPeripheralsTest</a></td><td class="num">6</td><td class="num">0</td><td class="num attn">1</td><td class="num">77,220</td><td></td><td></td></tr>
<tr><th>Total</th><th class="num">15</th><th class="num">0</th><th class="num attn">4</th><th class="num">167,900</th><th colspan="2"></th></tr>
</table>
<table id='summary'><thead><tr><th>Class</th><th>Method</th><th>Start</th><th>Time (ms)</th></tr></thead><tbody><tr><th colspan="4">Suite</th></tr></tbody><tbody id="t0"><tr><th colspan="4">HomepageTest &#8212; failed</th></tr><tr class="failedeven"><td rowspan="2">com.chauhan.Saurabh.HomePagetestscripts</td><td><a href="#m0">validateProductAvilability</a></td><td rowspan="2">1571058076246</td><td rowspan="2">8307</td></tr><tr class="failedeven"><td><a href="#m1">validateProductAvilability</a></td></tr><tr><th colspan="4">HomepageTest &#8212; passed</th></tr><tr class="passedeven"><td rowspan="5">com.chauhan.Saurabh.HomePagetestscripts</td><td><a href="#m2">homePageRedirection</a></td><td rowspan="1">1571058065569</td><td rowspan="1">71</td></tr><tr class="passedeven"><td><a href="#m3">validateErrorMessage</a></td><td rowspan="2">1571058092562</td><td rowspan="2">1797</td></tr><tr class="passedeven"><td><a href="#m4">validateErrorMessage</a></td></tr><tr class="passedeven"><td><a href="#m5">validateProductAvilability</a></td><td rowspan="2">1571058084883</td><td rowspan="2">3914</td></tr><tr class="passedeven"><td><a href="#m6">validateProductAvilability</a></td></tr></tbody>
<tbody id="t1"><tr><th colspan="4">HeroImageTest &#8212; failed</th></tr><tr class="failedeven"><td rowspan="1">com.chauhan.Saurabh.HeroImageProducttestscripts</td><td><a href="#m7">homePageRedirection</a></td><td rowspan="1">1571058115545</td><td rowspan="1">71</td></tr><tr><th colspan="4">HeroImageTest &#8212; passed</th></tr><tr class="passedeven"><td rowspan="4">com.chauhan.Saurabh.HeroImageProducttestscripts</td><td><a href="#m8">validateContents</a></td><td rowspan="1">1571058116333</td><td rowspan="1">6606</td></tr><tr class="passedeven"><td><a href="#m9">validateSortingByDate</a></td><td rowspan="1">1571058123222</td><td rowspan="1">5071</td></tr><tr class="passedeven"><td><a href="#m10">validateSortingByRating</a></td><td rowspan="1">1571058128294</td><td rowspan="1">6843</td></tr><tr class="passedeven"><td><a href="#m11">validateSortingFunctionality</a></td><td rowspan="1">1571058122940</td><td rowspan="1">281</td></tr></tbody>
<tbody id="t2"><tr><th colspan="4">ComputerPeripheralsTest &#8212; failed</th></tr><tr class="failedeven"><td rowspan="1">com.chauhan.Saurabh.HomePageComputerPeripherals</td><td><a href="#m12">validateProductAvilability</a></td><td rowspan="1">1571058155502</td><td rowspan="1">6714</td></tr><tr><th colspan="4">ComputerPeripheralsTest &#8212; passed</th></tr><tr class="passedeven"><td rowspan="6">com.chauhan.Saurabh.HomePageComputerPeripherals</td><td><a href="#m13">validateMessage</a></td><td rowspan="1">1571058152526</td><td rowspan="1">2907</td></tr><tr class="passedeven"><td><a href="#m14">validatePricingSortingFunctionality</a></td><td rowspan="5">1571058202505</td><td rowspan="5">9904</td></tr><tr class="passedeven"><td><a href="#m15">validatePricingSortingFunctionality</a></td></tr><tr class="passedeven"><td><a href="#m16">validatePricingSortingFunctionality</a></td></tr><tr class="passedeven"><td><a href="#m17">validatePricingSortingFunctionality</a></td></tr><tr class="passedeven"><td><a href="#m18">validatePricingSortingFunctionality</a></td></tr></tbody>
</table>
<h2>HomepageTest</h2><h3 id="m0">com.chauhan.Saurabh.HomePagetestscripts#validateProductAvilability</h3><table class="result"><tr class="param"><th>Parameter #1</th><th>Parameter #2</th><th>Parameter #3</th></tr><tr class="param stripe"><td>Computer Peripherals</td><td>graphics card</td><td>Matrox G200 MMS</td></tr><tr><th colspan="3">Exception</th></tr><tr><td colspan="3"><div class="stacktrace">org.openqa.selenium.NoSuchElementException: no such element: Unable to locate element: {&quot;method&quot;:&quot;xpath&quot;,&quot;selector&quot;:&quot;//a[text()=&apos;Matrox G200 MMS&apos;]&quot;}
  (Session info: chrome=77.0.3865.90)
For documentation on this error, please visit: https://www.seleniumhq.org/exceptions/no_such_element.html
Build info: version: &apos;3.141.59&apos;, revision: &apos;e82be7d358&apos;, time: &apos;2018-11-14T08:17:03&apos;
System info: host: &apos;ATMECSINLT-038&apos;, ip: &apos;55.55.52.193&apos;, os.name: &apos;Windows 10&apos;, os.arch: &apos;amd64&apos;, os.version: &apos;10.0&apos;, java.version: &apos;12.0.1&apos;
Driver info: org.openqa.selenium.chrome.ChromeDriver
Capabilities {acceptInsecureCerts: false, browserName: chrome, browserVersion: 77.0.3865.90, chrome: {chromedriverVersion: 77.0.3865.40 (f484704e052e0..., userDataDir: C:\Users\SAURAB~1.CHA\AppDa...}, goog:chromeOptions: {debuggerAddress: localhost:53006}, javascriptEnabled: true, networkConnectionEnabled: false, pageLoadStrategy: normal, platform: XP, platformName: XP, proxy: Proxy(), setWindowRect: true, strictFileInteractability: false, timeouts: {implicit: 0, pageLoad: 300000, script: 30000}, unhandledPromptBehavior: dismiss and notify}
Session ID: 641980fec02917ae91cacd0938a73917
*** Element info: {Using=xpath, value=//a[text()=&apos;Matrox G200 MMS&apos;]}
	at org.openqa.selenium.remote.http.W3CHttpResponseCodec.createException(W3CHttpResponseCodec.java:187)
	at org.openqa.selenium.remote.http.W3CHttpResponseCodec.decode(W3CHttpResponseCodec.java:122)
	at org.openqa.selenium.remote.http.W3CHttpResponseCodec.decode(W3CHttpResponseCodec.java:49)
	at org.openqa.selenium.remote.HttpCommandExecutor.execute(HttpCommandExecutor.java:158)
	at org.openqa.selenium.remote.service.DriverCommandExecutor.execute(DriverCommandExecutor.java:83)
	at org.openqa.selenium.remote.RemoteWebDriver.execute(RemoteWebDriver.java:552)
	at org.openqa.selenium.remote.RemoteWebDriver.findElement(RemoteWebDriver.java:323)
	at org.openqa.selenium.remote.RemoteWebDriver.findElementByXPath(RemoteWebDriver.java:428)
	at org.openqa.selenium.By$ByXPath.findElement(By.java:353)
	at org.openqa.selenium.remote.RemoteWebDriver.findElement(RemoteWebDriver.java:315)
	at com.chauhan.Saurabh.helpers.WebUtility.selectSelectorType(WebUtility.java:94)
	at com.chauhan.Saurabh.helpers.WebUtility.getText(WebUtility.java:176)
	at com.chauhan.Saurabh.pages.HomePage.isProductAvailable(HomePage.java:34)
	at com.chauhan.Saurabh.HomePagetestscripts.validateProductAvilability(HomePagetestscripts.java:59)
... Removed 34 stack frames</div></td></tr></table><p class="totop"><a href="#summary">back to summary</a></p>
<h3 id="m1">com.chauhan.Saurabh.HomePagetestscripts#validateProductAvilability</h3><table class="result"><tr class="param"><th>Parameter #1</th><th>Parameter #2</th><th>Parameter #3</th></tr><tr class="param stripe"><td>Computer Peripherals</td><td>graphics Cards</td><td>Matrox G200 MMS</td></tr><tr><th colspan="3">Exception</th></tr><tr><td colspan="3"><div class="stacktrace">org.openqa.selenium.NoSuchElementException: no such element: Unable to locate element: {&quot;method&quot;:&quot;xpath&quot;,&quot;selector&quot;:&quot;//a[text()=&apos;Matrox G200 MMS&apos;]&quot;}
  (Session info: chrome=77.0.3865.90)
For documentation on this error, please visit: https://www.seleniumhq.org/exceptions/no_such_element.html
Build info: version: &apos;3.141.59&apos;, revision: &apos;e82be7d358&apos;, time: &apos;2018-11-14T08:17:03&apos;
System info: host: &apos;ATMECSINLT-038&apos;, ip: &apos;55.55.52.193&apos;, os.name: &apos;Windows 10&apos;, os.arch: &apos;amd64&apos;, os.version: &apos;10.0&apos;, java.version: &apos;12.0.1&apos;
Driver info: org.openqa.selenium.chrome.ChromeDriver
Capabilities {acceptInsecureCerts: false, browserName: chrome, browserVersion: 77.0.3865.90, chrome: {chromedriverVersion: 77.0.3865.40 (f484704e052e0..., userDataDir: C:\Users\SAURAB~1.CHA\AppDa...}, goog:chromeOptions: {debuggerAddress: localhost:53006}, javascriptEnabled: true, networkConnectionEnabled: false, pageLoadStrategy: normal, platform: XP, platformName: XP, proxy: Proxy(), setWindowRect: true, strictFileInteractability: false, timeouts: {implicit: 0, pageLoad: 300000, script: 30000}, unhandledPromptBehavior: dismiss and notify}
Session ID: 641980fec02917ae91cacd0938a73917
*** Element info: {Using=xpath, value=//a[text()=&apos;Matrox G200 MMS&apos;]}
	at org.openqa.selenium.remote.http.W3CHttpResponseCodec.createException(W3CHttpResponseCodec.java:187)
	at org.openqa.selenium.remote.http.W3CHttpResponseCodec.decode(W3CHttpResponseCodec.java:122)
	at org.openqa.selenium.remote.http.W3CHttpResponseCodec.decode(W3CHttpResponseCodec.java:49)
	at org.openqa.selenium.remote.HttpCommandExecutor.execute(HttpCommandExecutor.java:158)
	at org.openqa.selenium.remote.service.DriverCommandExecutor.execute(DriverCommandExecutor.java:83)
	at org.openqa.selenium.remote.RemoteWebDriver.execute(RemoteWebDriver.java:552)
	at org.openqa.selenium.remote.RemoteWebDriver.findElement(RemoteWebDriver.java:323)
	at org.openqa.selenium.remote.RemoteWebDriver.findElementByXPath(RemoteWebDriver.java:428)
	at org.openqa.selenium.By$ByXPath.findElement(By.java:353)
	at org.openqa.selenium.remote.RemoteWebDriver.findElement(RemoteWebDriver.java:315)
	at com.chauhan.Saurabh.helpers.WebUtility.selectSelectorType(WebUtility.java:94)
	at com.chauhan.Saurabh.helpers.WebUtility.getText(WebUtility.java:176)
	at com.chauhan.Saurabh.pages.HomePage.isProductAvailable(HomePage.java:34)
	at com.chauhan.Saurabh.HomePagetestscripts.validateProductAvilability(HomePagetestscripts.java:59)
... Removed 34 stack frames</div></td></tr></table><p class="totop"><a href="#summary">back to summary</a></p>
<h3 id="m2">com.chauhan.Saurabh.HomePagetestscripts#homePageRedirection</h3><table class="result"><tr><th class="invisible"/></tr></table><p class="totop"><a href="#summary">back to summary</a></p>
<h3 id="m3">com.chauhan.Saurabh.HomePagetestscripts#validateErrorMessage</h3><table class="result"><tr class="param"><th>Parameter #1</th><th>Parameter #2</th><th>Parameter #3</th></tr><tr class="param stripe"><td>Computer Peripherals</td><td>gywdcygvgy</td><td>There are no available products.</td></tr></table><p class="totop"><a href="#summary">back to summary</a></p>
<h3 id="m4">com.chauhan.Saurabh.HomePagetestscripts#validateErrorMessage</h3><table class="result"><tr class="param"><th>Parameter #1</th><th>Parameter #2</th><th>Parameter #3</th></tr><tr class="param stripe"><td>Computer Peripherals</td><td>gyuwdwfduygbed</td><td>There are no available products.</td></tr></table><p class="totop"><a href="#summary">back to summary</a></p>
<h3 id="m5">com.chauhan.Saurabh.HomePagetestscripts#validateProductAvilability</h3><table class="result"><tr class="param"><th>Parameter #1</th><th>Parameter #2</th><th>Parameter #3</th></tr><tr class="param stripe"><td>Games</td><td>call Of DUTY</td><td>Call Of Duty</td></tr></table><p class="totop"><a href="#summary">back to summary</a></p>
<h3 id="m6">com.chauhan.Saurabh.HomePagetestscripts#validateProductAvilability</h3><table class="result"><tr class="param"><th>Parameter #1</th><th>Parameter #2</th><th>Parameter #3</th></tr><tr class="param stripe"><td>Software</td><td>windows 8</td><td>Windows 8</td></tr></table><p class="totop"><a href="#summary">back to summary</a></p>
<h2>HeroImageTest</h2><h3 id="m7">com.chauhan.Saurabh.HeroImageProducttestscripts#homePageRedirection</h3><table class="result"><tr><th>Exception</th></tr><tr><td><div class="stacktrace">java.lang.AssertionError: expected [null] but found [KonaKart]
	at com.chauhan.Saurabh.pages.HomePage.isRedirectionCorrect(HomePage.java:21)
	at com.chauhan.Saurabh.HeroImageProducttestscripts.homePageRedirection(HeroImageProducttestscripts.java:43)
... Removed 35 stack frames</div></td></tr></table><p class="totop"><a href="#summary">back to summary</a></p>
<h3 id="m8">com.chauhan.Saurabh.HeroImageProducttestscripts#validateContents</h3><table class="result"><tr><th class="invisible"/></tr></table><p class="totop"><a href="#summary">back to summary</a></p>
<h3 id="m9">com.chauhan.Saurabh.HeroImageProducttestscripts#validateSortingByDate</h3><table class="result"><tr><th class="invisible"/></tr></table><p class="totop"><a href="#summary">back to summary</a></p>
<h3 id="m10">com.chauhan.Saurabh.HeroImageProducttestscripts#validateSortingByRating</h3><table class="result"><tr><th class="invisible"/></tr></table><p class="totop"><a href="#summary">back to summary</a></p>
<h3 id="m11">com.chauhan.Saurabh.HeroImageProducttestscripts#validateSortingFunctionality</h3><table class="result"><tr><th class="invisible"/></tr></table><p class="totop"><a href="#summary">back to summary</a></p>
<h2>ComputerPeripheralsTest</h2><h3 id="m12">com.chauhan.Saurabh.HomePageComputerPeripherals#validateProductAvilability</h3><table class="result"><tr class="param"><th>Parameter #1</th><th>Parameter #2</th><th>Parameter #3</th></tr><tr class="param stripe"><td>Computer Peripherals</td><td>graphics cards</td><td>Matrox G200 MMS</td></tr><tr><th colspan="3">Exception</th></tr><tr><td colspan="3"><div class="stacktrace">org.openqa.selenium.NoSuchElementException: no such element: Unable to locate element: {&quot;method&quot;:&quot;css selector&quot;,&quot;selector&quot;:&quot;a#ui-id-25&quot;}
  (Session info: chrome=77.0.3865.90)
For documentation on this error, please visit: https://www.seleniumhq.org/exceptions/no_such_element.html
Build info: version: &apos;3.141.59&apos;, revision: &apos;e82be7d358&apos;, time: &apos;2018-11-14T08:17:03&apos;
System info: host: &apos;ATMECSINLT-038&apos;, ip: &apos;55.55.52.193&apos;, os.name: &apos;Windows 10&apos;, os.arch: &apos;amd64&apos;, os.version: &apos;10.0&apos;, java.version: &apos;12.0.1&apos;
Driver info: org.openqa.selenium.chrome.ChromeDriver
Capabilities {acceptInsecureCerts: false, browserName: chrome, browserVersion: 77.0.3865.90, chrome: {chromedriverVersion: 77.0.3865.40 (f484704e052e0..., userDataDir: C:\Users\SAURAB~1.CHA\AppDa...}, goog:chromeOptions: {debuggerAddress: localhost:53308}, javascriptEnabled: true, networkConnectionEnabled: false, pageLoadStrategy: normal, platform: XP, platformName: XP, proxy: Proxy(), setWindowRect: true, strictFileInteractability: false, timeouts: {implicit: 0, pageLoad: 300000, script: 30000}, unhandledPromptBehavior: dismiss and notify}
Session ID: c3f9f030598732b22420595700f6f6d9
*** Element info: {Using=css selector, value=a#ui-id-25}
	at org.openqa.selenium.remote.http.W3CHttpResponseCodec.createException(W3CHttpResponseCodec.java:187)
	at org.openqa.selenium.remote.http.W3CHttpResponseCodec.decode(W3CHttpResponseCodec.java:122)
	at org.openqa.selenium.remote.http.W3CHttpResponseCodec.decode(W3CHttpResponseCodec.java:49)
	at org.openqa.selenium.remote.HttpCommandExecutor.execute(HttpCommandExecutor.java:158)
	at org.openqa.selenium.remote.service.DriverCommandExecutor.execute(DriverCommandExecutor.java:83)
	at org.openqa.selenium.remote.RemoteWebDriver.execute(RemoteWebDriver.java:552)
	at org.openqa.selenium.remote.RemoteWebDriver.findElement(RemoteWebDriver.java:323)
	at org.openqa.selenium.remote.RemoteWebDriver.findElementByCssSelector(RemoteWebDriver.java:420)
	at org.openqa.selenium.By$ByCssSelector.findElement(By.java:431)
	at org.openqa.selenium.remote.RemoteWebDriver.findElement(RemoteWebDriver.java:315)
	at com.chauhan.Saurabh.helpers.WebUtility.selectSelectorType(WebUtility.java:87)
	at com.chauhan.Saurabh.helpers.WebUtility.explicitWait(WebUtility.java:374)
	at com.chauhan.Saurabh.testflow.HomePageFlow.selectProductByDropdown(HomePageFlow.java:39)
	at com.chauhan.Saurabh.HomePageComputerPeripherals.validateProductAvilability(HomePageComputerPeripherals.java:71)
... Removed 34 stack frames</div></td></tr></table><p class="totop"><a href="#summary">back to summary</a></p>
<h3 id="m13">com.chauhan.Saurabh.HomePageComputerPeripherals#validateMessage</h3><table class="result"><tr class="param"><th>Parameter #1</th><th>Parameter #2</th><th>Parameter #3</th></tr><tr class="param stripe"><td>Computer Peripherals</td><td>graphics cards</td><td>No products were found for your search</td></tr></table><p class="totop"><a href="#summary">back to summary</a></p>
<h3 id="m14">com.chauhan.Saurabh.HomePageComputerPeripherals#validatePricingSortingFunctionality</h3><table class="result"><tr class="param"><th>Parameter #1</th></tr><tr class="param stripe"><td>150</td></tr></table><p class="totop"><a href="#summary">back to summary</a></p>
<h3 id="m15">com.chauhan.Saurabh.HomePageComputerPeripherals#validatePricingSortingFunctionality</h3><table class="result"><tr class="param"><th>Parameter #1</th></tr><tr class="param stripe"><td>120</td></tr></table><p class="totop"><a href="#summary">back to summary</a></p>
<h3 id="m16">com.chauhan.Saurabh.HomePageComputerPeripherals#validatePricingSortingFunctionality</h3><table class="result"><tr class="param"><th>Parameter #1</th></tr><tr class="param stripe"><td>30</td></tr></table><p class="totop"><a href="#summary">back to summary</a></p>
<h3 id="m17">com.chauhan.Saurabh.HomePageComputerPeripherals#validatePricingSortingFunctionality</h3><table class="result"><tr class="param"><th>Parameter #1</th></tr><tr class="param stripe"><td>60</td></tr></table><p class="totop"><a href="#summary">back to summary</a></p>
<h3 id="m18">com.chauhan.Saurabh.HomePageComputerPeripherals#validatePricingSortingFunctionality</h3><table class="result"><tr class="param"><th>Parameter #1</th></tr><tr class="param stripe"><td>90</td></tr></table><p class="totop"><a href="#summary">back to summary</a></p>
</body>
</html>
