<?xml version="1.0" encoding="UTF-8"?>
<testng-results ignored="0" total="19" passed="15" failed="4" skipped="0">
  <reporter-output>
  </reporter-output>
  <suite started-at="2019-10-14T13:00:44Z" name="Suite" finished-at="2019-10-14T13:03:32Z" duration-ms="168134">
    <groups>
    </groups>
    <test started-at="2019-10-14T13:00:44Z" name="HomepageTest" finished-at="2019-10-14T13:01:34Z" duration-ms="50084">
      <class name="com.chauhan.Saurabh.HomePagetestscripts">
        <test-method is-config="true" signature="intitailizeBrowser()[pri:0, instance:com.chauhan.Saurabh.HomePagetestscripts@6591f517]" started-at="2019-10-14T13:00:44Z" name="intitailizeBrowser" finished-at="2019-10-14T13:01:05Z" duration-ms="21206" status="PASS">
          <reporter-output>
          </reporter-output>
        </test-method> <!-- intitailizeBrowser -->
        <test-method is-config="true" signature="loadLocatorsFile()[pri:0, instance:com.chauhan.Saurabh.HomePagetestscripts@6591f517]" started-at="2019-10-14T13:01:05Z" name="loadLocatorsFile" finished-at="2019-10-14T13:01:05Z" depends-on-methods="com.chauhan.Saurabh.testBase.TestBase.intitailizeBrowser" duration-ms="63" status="PASS">
          <reporter-output>
          </reporter-output>
        </test-method> <!-- loadLocatorsFile -->
        <test-method signature="homePageRedirection()[pri:1, instance:com.chauhan.Saurabh.HomePagetestscripts@6591f517]" started-at="2019-10-14T13:01:05Z" name="homePageRedirection" finished-at="2019-10-14T13:01:05Z" duration-ms="71" status="PASS">
          <reporter-output>
          </reporter-output>
        </test-method> <!-- homePageRedirection -->
        <test-method is-config="true" signature="tearDown(org.testng.ITestResult)[pri:0, instance:com.chauhan.Saurabh.HomePagetestscripts@6591f517]" started-at="2019-10-14T13:01:05Z" name="tearDown" finished-at="2019-10-14T13:01:05Z" duration-ms="3" status="PASS">
          <params>
            <param index="0">
              <value>
                <![CDATA[[TestResult name=homePageRedirection status=SUCCESS method=HomePagetestscripts.homePageRedirection()[pri:1, instance:com.chauhan.Saurabh.HomePagetestscripts@6591f517] output={null}]]]>
              </value>
            </param>
          </params>
          <reporter-output>
          </reporter-output>
        </test-method> <!-- tearDown -->
        <test-method signature="validateProductAvilability(java.lang.String, java.lang.String, java.lang.String)[pri:2, instance:com.chauhan.Saurabh.HomePagetestscripts@6591f517]" started-at="2019-10-14T13:01:06Z" name="validateProductAvilability" data-provider="rightCategory" finished-at="2019-10-14T13:01:15Z" duration-ms="8965" status="FAIL">
          <params>
            <param index="0">
              <value>
                <![CDATA[Computer Peripherals]]>
              </value>
            </param>
            <param index="1">
              <value>
                <![CDATA[graphics Cards]]>
              </value>
            </param>
            <param index="2">
              <value>
                <![CDATA[Matrox G200 MMS]]>
              </value>
            </param>
          </params>
          <exception class="org.openqa.selenium.NoSuchElementException">
            <message>
              <![CDATA[no such element: Unable to locate element: {"method":"xpath","selector":"//a[text()='Matrox G200 MMS']"}
  (Session info: chrome=77.0.3865.90)
For documentation on this error, please visit: https://www.seleniumhq.org/exceptions/no_such_element.html
Build info: version: '3.141.59', revision: 'e82be7d358', time: '2018-11-14T08:17:03'
System info: host: 'ATMECSINLT-038', ip: '55.55.52.193', os.name: 'Windows 10', os.arch: 'amd64', os.version: '10.0', java.version: '12.0.1'
Driver info: org.openqa.selenium.chrome.ChromeDriver
Capabilities {acceptInsecureCerts: false, browserName: chrome, browserVersion: 77.0.3865.90, chrome: {chromedriverVersion: 77.0.3865.40 (f484704e052e0..., userDataDir: C:\Users\SAURAB~1.CHA\AppDa...}, goog:chromeOptions: {debuggerAddress: localhost:53006}, javascriptEnabled: true, networkConnectionEnabled: false, pageLoadStrategy: normal, platform: XP, platformName: XP, proxy: Proxy(), setWindowRect: true, strictFileInteractability: false, timeouts: {implicit: 0, pageLoad: 300000, script: 30000}, unhandledPromptBehavior: dismiss and notify}
Session ID: 641980fec02917ae91cacd0938a73917
*** Element info: {Using=xpath, value=//a[text()='Matrox G200 MMS']}]]>
            </message>
            <full-stacktrace>
              <![CDATA[org.openqa.selenium.NoSuchElementException: no such element: Unable to locate element: {"method":"xpath","selector":"//a[text()='Matrox G200 MMS']"}
  (Session info: chrome=77.0.3865.90)
For documentation on this error, please visit: https://www.seleniumhq.org/exceptions/no_such_element.html
Build info: version: '3.141.59', revision: 'e82be7d358', time: '2018-11-14T08:17:03'
System info: host: 'ATMECSINLT-038', ip: '55.55.52.193', os.name: 'Windows 10', os.arch: 'amd64', os.version: '10.0', java.version: '12.0.1'
Driver info: org.openqa.selenium.chrome.ChromeDriver
Capabilities {acceptInsecureCerts: false, browserName: chrome, browserVersion: 77.0.3865.90, chrome: {chromedriverVersion: 77.0.3865.40 (f484704e052e0..., userDataDir: C:\Users\SAURAB~1.CHA\AppDa...}, goog:chromeOptions: {debuggerAddress: localhost:53006}, javascriptEnabled: true, networkConnectionEnabled: false, pageLoadStrategy: normal, platform: XP, platformName: XP, proxy: Proxy(), setWindowRect: true, strictFileInteractability: false, timeouts: {implicit: 0, pageLoad: 300000, script: 30000}, unhandledPromptBehavior: dismiss and notify}
Session ID: 641980fec02917ae91cacd0938a73917
*** Element info: {Using=xpath, value=//a[text()='Matrox G200 MMS']}
at java.base/jdk.internal.reflect.NativeConstructorAccessorImpl.newInstance0(Native Method)
at java.base/jdk.internal.reflect.NativeConstructorAccessorImpl.newInstance(NativeConstructorAccessorImpl.java:62)
at java.base/jdk.internal.reflect.DelegatingConstructorAccessorImpl.newInstance(DelegatingConstructorAccessorImpl.java:45)
at java.base/java.lang.reflect.Constructor.newInstanceWithCaller(Constructor.java:500)
at java.base/java.lang.reflect.Constructor.newInstance(Constructor.java:481)
at org.openqa.selenium.remote.http.W3CHttpResponseCodec.createException(W3CHttpResponseCodec.java:187)
at org.openqa.selenium.remote.http.W3CHttpResponseCodec.decode(W3CHttpResponseCodec.java:122)
at org.openqa.selenium.remote.http.W3CHttpResponseCodec.decode(W3CHttpResponseCodec.java:49)
at org.openqa.selenium.remote.HttpCommandExecutor.execute(HttpCommandExecutor.java:158)
at org.openqa.selenium.remote.service.DriverCommandExecutor.execute(DriverCommandExecutor.java:83)
at org.openqa.selenium.remote.RemoteWebDriver.execute(RemoteWebDriver.java:552)
at org.openqa.selenium.remote.RemoteWebDriver.findElement(RemoteWebDriver.java:323)
at org.openqa.selenium.remote.RemoteWebDriver.findElementByXPath(RemoteWebDriver.java:428)
at org.openqa.selenium.By$ByXPath.findElement(By.java:353)
at org.openqa.selenium.remote.RemoteWebDriver.findElement(RemoteWebDriver.java:315)
at com.chauhan.Saurabh.helpers.WebUtility.selectSelectorType(WebUtility.java:94)
at com.chauhan.Saurabh.helpers.WebUtility.getText(WebUtility.java:176)
at com.chauhan.Saurabh.pages.HomePage.isProductAvailable(HomePage.java:34)
at com.chauhan.Saurabh.HomePagetestscripts.validateProductAvilability(HomePagetestscripts.java:59)
at java.base/jdk.internal.reflect.NativeMethodAccessorImpl.invoke0(Native Method)
at java.base/jdk.internal.reflect.NativeMethodAccessorImpl.invoke(NativeMethodAccessorImpl.java:62)
at java.base/jdk.internal.reflect.DelegatingMethodAccessorImpl.invoke(DelegatingMethodAccessorImpl.java:43)
at java.base/java.lang.reflect.Method.invoke(Method.java:567)
at org.testng.internal.MethodInvocationHelper.invokeMethod(MethodInvocationHelper.java:124)
at org.testng.internal.Invoker.invokeMethod(Invoker.java:583)
at org.testng.internal.Invoker.invokeTestMethod(Invoker.java:719)
at org.testng.internal.Invoker.invokeTestMethods(Invoker.java:989)
at org.testng.internal.TestMethodWorker.invokeTestMethods(TestMethodWorker.java:125)
at org.testng.internal.TestMethodWorker.run(TestMethodWorker.java:109)
at org.testng.TestRunner.privateRun(TestRunner.java:648)
at org.testng.TestRunner.run(TestRunner.java:505)
at org.testng.SuiteRunner.runTest(SuiteRunner.java:455)
at org.testng.SuiteRunner.runSequentially(SuiteRunner.java:450)
at org.testng.SuiteRunner.privateRun(SuiteRunner.java:415)
at org.testng.SuiteRunner.run(SuiteRunner.java:364)
at org.testng.SuiteRunnerWorker.runSuite(SuiteRunnerWorker.java:52)
at org.testng.SuiteRunnerWorker.run(SuiteRunnerWorker.java:84)
at org.testng.TestNG.runSuitesSequentially(TestNG.java:1208)
at org.testng.TestNG.runSuitesLocally(TestNG.java:1137)
at org.testng.TestNG.runSuites(TestNG.java:1049)
at org.testng.TestNG.run(TestNG.java:1017)
at org.apache.maven.surefire.testng.TestNGExecutor.run(TestNGExecutor.java:283)
at org.apache.maven.surefire.testng.TestNGXmlTestSuite.execute(TestNGXmlTestSuite.java:75)
at org.apache.maven.surefire.testng.TestNGProvider.invoke(TestNGProvider.java:120)
at org.apache.maven.surefire.booter.ForkedBooter.invokeProviderInSameClassLoader(ForkedBooter.java:384)
at org.apache.maven.surefire.booter.ForkedBooter.runSuitesInProcess(ForkedBooter.java:345)
at org.apache.maven.surefire.booter.ForkedBooter.execute(ForkedBooter.java:126)
at org.apache.maven.surefire.booter.ForkedBooter.main(ForkedBooter.java:418)
]]>
            </full-stacktrace>
          </exception> <!-- org.openqa.selenium.NoSuchElementException -->
          <reporter-output>
          </reporter-output>
        </test-method> <!-- validateProductAvilability -->
        <test-method is-config="true" signature="tearDown(org.testng.ITestResult)[pri:0, instance:com.chauhan.Saurabh.HomePagetestscripts@6591f517]" started-at="2019-10-14T13:01:15Z" name="tearDown" finished-at="2019-10-14T13:01:16Z" duration-ms="384" status="PASS">
          <params>
            <param index="0">
              <value>
                <![CDATA[[TestResult name=validateProductAvilability status=FAILURE method=HomePagetestscripts.validateProductAvilability(java.lang.String, java.lang.String, java.lang.String)[pri:2, instance:com.chauhan.Saurabh.HomePagetestscripts@6591f517] output={null}]]]>
              </value>
            </param>
          </params>
          <reporter-output>
          </reporter-output>
        </test-method> <!-- tearDown -->
        <test-method signature="validateProductAvilability(java.lang.String, java.lang.String, java.lang.String)[pri:2, instance:com.chauhan.Saurabh.HomePagetestscripts@6591f517]" started-at="2019-10-14T13:01:16Z" name="validateProductAvilability" data-provider="rightCategory" finished-at="2019-10-14T13:01:24Z" duration-ms="8307" status="FAIL">
          <params>
            <param index="0">
              <value>
                <![CDATA[Computer Peripherals]]>
              </value>
            </param>
            <param index="1">
              <value>
                <![CDATA[graphics card]]>
              </value>
            </param>
            <param index="2">
              <value>
                <![CDATA[Matrox G200 MMS]]>
              </value>
            </param>
          </params>
          <exception class="org.openqa.selenium.NoSuchElementException">
            <message>
              <![CDATA[no such element: Unable to locate element: {"method":"xpath","selector":"//a[text()='Matrox G200 MMS']"}
  (Session info: chrome=77.0.3865.90)
For documentation on this error, please visit: https://www.seleniumhq.org/exceptions/no_such_element.html
Build info: version: '3.141.59', revision: 'e82be7d358', time: '2018-11-14T08:17:03'
System info: host: 'ATMECSINLT-038', ip: '55.55.52.193', os.name: 'Windows 10', os.arch: 'amd64', os.version: '10.0', java.version: '12.0.1'
Driver info: org.openqa.selenium.chrome.ChromeDriver
Capabilities {acceptInsecureCerts: false, browserName: chrome, browserVersion: 77.0.3865.90, chrome: {chromedriverVersion: 77.0.3865.40 (f484704e052e0..., userDataDir: C:\Users\SAURAB~1.CHA\AppDa...}, goog:chromeOptions: {debuggerAddress: localhost:53006}, javascriptEnabled: true, networkConnectionEnabled: false, pageLoadStrategy: normal, platform: XP, platformName: XP, proxy: Proxy(), setWindowRect: true, strictFileInteractability: false, timeouts: {implicit: 0, pageLoad: 300000, script: 30000}, unhandledPromptBehavior: dismiss and notify}
Session ID: 641980fec02917ae91cacd0938a73917
*** Element info: {Using=xpath, value=//a[text()='Matrox G200 MMS']}]]>
            </message>
            <full-stacktrace>
              <![CDATA[org.openqa.selenium.NoSuchElementException: no such element: Unable to locate element: {"method":"xpath","selector":"//a[text()='Matrox G200 MMS']"}
  (Session info: chrome=77.0.3865.90)
For documentation on this error, please visit: https://www.seleniumhq.org/exceptions/no_such_element.html
Build info: version: '3.141.59', revision: 'e82be7d358', time: '2018-11-14T08:17:03'
System info: host: 'ATMECSINLT-038', ip: '55.55.52.193', os.name: 'Windows 10', os.arch: 'amd64', os.version: '10.0', java.version: '12.0.1'
Driver info: org.openqa.selenium.chrome.ChromeDriver
Capabilities {acceptInsecureCerts: false, browserName: chrome, browserVersion: 77.0.3865.90, chrome: {chromedriverVersion: 77.0.3865.40 (f484704e052e0..., userDataDir: C:\Users\SAURAB~1.CHA\AppDa...}, goog:chromeOptions: {debuggerAddress: localhost:53006}, javascriptEnabled: true, networkConnectionEnabled: false, pageLoadStrategy: normal, platform: XP, platformName: XP, proxy: Proxy(), setWindowRect: true, strictFileInteractability: false, timeouts: {implicit: 0, pageLoad: 300000, script: 30000}, unhandledPromptBehavior: dismiss and notify}
Session ID: 641980fec02917ae91cacd0938a73917
*** Element info: {Using=xpath, value=//a[text()='Matrox G200 MMS']}
at java.base/jdk.internal.reflect.NativeConstructorAccessorImpl.newInstance0(Native Method)
at java.base/jdk.internal.reflect.NativeConstructorAccessorImpl.newInstance(NativeConstructorAccessorImpl.java:62)
at java.base/jdk.internal.reflect.DelegatingConstructorAccessorImpl.newInstance(DelegatingConstructorAccessorImpl.java:45)
at java.base/java.lang.reflect.Constructor.newInstanceWithCaller(Constructor.java:500)
at java.base/java.lang.reflect.Constructor.newInstance(Constructor.java:481)
at org.openqa.selenium.remote.http.W3CHttpResponseCodec.createException(W3CHttpResponseCodec.java:187)
at org.openqa.selenium.remote.http.W3CHttpResponseCodec.decode(W3CHttpResponseCodec.java:122)
at org.openqa.selenium.remote.http.W3CHttpResponseCodec.decode(W3CHttpResponseCodec.java:49)
at org.openqa.selenium.remote.HttpCommandExecutor.execute(HttpCommandExecutor.java:158)
at org.openqa.selenium.remote.service.DriverCommandExecutor.execute(DriverCommandExecutor.java:83)
at org.openqa.selenium.remote.RemoteWebDriver.execute(RemoteWebDriver.java:552)
at org.openqa.selenium.remote.RemoteWebDriver.findElement(RemoteWebDriver.java:323)
at org.openqa.selenium.remote.RemoteWebDriver.findElementByXPath(RemoteWebDriver.java:428)
at org.openqa.selenium.By$ByXPath.findElement(By.java:353)
at org.openqa.selenium.remote.RemoteWebDriver.findElement(RemoteWebDriver.java:315)
at com.chauhan.Saurabh.helpers.WebUtility.selectSelectorType(WebUtility.java:94)
at com.chauhan.Saurabh.helpers.WebUtility.getText(WebUtility.java:176)
at com.chauhan.Saurabh.pages.HomePage.isProductAvailable(HomePage.java:34)
at com.chauhan.Saurabh.HomePagetestscripts.validateProductAvilability(HomePagetestscripts.java:59)
at java.base/jdk.internal.reflect.NativeMethodAccessorImpl.invoke0(Native Method)
at java.base/jdk.internal.reflect.NativeMethodAccessorImpl.invoke(NativeMethodAccessorImpl.java:62)
at java.base/jdk.internal.reflect.DelegatingMethodAccessorImpl.invoke(DelegatingMethodAccessorImpl.java:43)
at java.base/java.lang.reflect.Method.invoke(Method.java:567)
at org.testng.internal.MethodInvocationHelper.invokeMethod(MethodInvocationHelper.java:124)
at org.testng.internal.Invoker.invokeMethod(Invoker.java:583)
at org.testng.internal.Invoker.invokeTestMethod(Invoker.java:719)
at org.testng.internal.Invoker.invokeTestMethods(Invoker.java:989)
at org.testng.internal.TestMethodWorker.invokeTestMethods(TestMethodWorker.java:125)
at org.testng.internal.TestMethodWorker.run(TestMethodWorker.java:109)
at org.testng.TestRunner.privateRun(TestRunner.java:648)
at org.testng.TestRunner.run(TestRunner.java:505)
at org.testng.SuiteRunner.runTest(SuiteRunner.java:455)
at org.testng.SuiteRunner.runSequentially(SuiteRunner.java:450)
at org.testng.SuiteRunner.privateRun(SuiteRunner.java:415)
at org.testng.SuiteRunner.run(SuiteRunner.java:364)
at org.testng.SuiteRunnerWorker.runSuite(SuiteRunnerWorker.java:52)
at org.testng.SuiteRunnerWorker.run(SuiteRunnerWorker.java:84)
at org.testng.TestNG.runSuitesSequentially(TestNG.java:1208)
at org.testng.TestNG.runSuitesLocally(TestNG.java:1137)
at org.testng.TestNG.runSuites(TestNG.java:1049)
at org.testng.TestNG.run(TestNG.java:1017)
at org.apache.maven.surefire.testng.TestNGExecutor.run(TestNGExecutor.java:283)
at org.apache.maven.surefire.testng.TestNGXmlTestSuite.execute(TestNGXmlTestSuite.java:75)
at org.apache.maven.surefire.testng.TestNGProvider.invoke(TestNGProvider.java:120)
at org.apache.maven.surefire.booter.ForkedBooter.invokeProviderInSameClassLoader(ForkedBooter.java:384)
at org.apache.maven.surefire.booter.ForkedBooter.runSuitesInProcess(ForkedBooter.java:345)
at org.apache.maven.surefire.booter.ForkedBooter.execute(ForkedBooter.java:126)
at org.apache.maven.surefire.booter.ForkedBooter.main(ForkedBooter.java:418)
]]>
            </full-stacktrace>
          </exception> <!-- org.openqa.selenium.NoSuchElementException -->
          <reporter-output>
          </reporter-output>
        </test-method> <!-- validateProductAvilability -->
        <test-method is-config="true" signature="tearDown(org.testng.ITestResult)[pri:0, instance:com.chauhan.Saurabh.HomePagetestscripts@6591f517]" started-at="2019-10-14T13:01:24Z" name="tearDown" finished-at="2019-10-14T13:01:24Z" duration-ms="329" status="PASS">
          <params>
            <param index="0">
              <value>
                <![CDATA[[TestResult name=validateProductAvilability status=FAILURE method=HomePagetestscripts.validateProductAvilability(java.lang.String, java.lang.String, java.lang.String)[pri:2, instance:com.chauhan.Saurabh.HomePagetestscripts@6591f517] output={null}]]]>
              </value>
            </param>
          </params>
          <reporter-output>
          </reporter-output>
        </test-method> <!-- tearDown -->
        <test-method signature="validateProductAvilability(java.lang.String, java.lang.String, java.lang.String)[pri:2, instance:com.chauhan.Saurabh.HomePagetestscripts@6591f517]" started-at="2019-10-14T13:01:24Z" name="validateProductAvilability" data-provider="rightCategory" finished-at="2019-10-14T13:01:28Z" duration-ms="3914" status="PASS">
          <params>
            <param index="0">
              <value>
                <![CDATA[Games]]>
              </value>
            </param>
            <param index="1">
              <value>
                <![CDATA[call Of DUTY]]>
              </value>
            </param>
            <param index="2">
              <value>
                <![CDATA[Call Of Duty]]>
              </value>
            </param>
          </params>
          <reporter-output>
          </reporter-output>
        </test-method> <!-- validateProductAvilability -->
        <test-method is-config="true" signature="tearDown(org.testng.ITestResult)[pri:0, instance:com.chauhan.Saurabh.HomePagetestscripts@6591f517]" started-at="2019-10-14T13:01:28Z" name="tearDown" finished-at="2019-10-14T13:01:28Z" duration-ms="0" status="PASS">
          <params>
            <param index="0">
              <value>
                <![CDATA[[TestResult name=validateProductAvilability status=SUCCESS method=HomePagetestscripts.validateProductAvilability(java.lang.String, java.lang.String, java.lang.String)[pri:2, instance:com.chauhan.Saurabh.HomePagetestscripts@6591f517] output={null}]]]>
              </value>
            </param>
          </params>
          <reporter-output>
          </reporter-output>
        </test-method> <!-- tearDown -->
        <test-method signature="validateProductAvilability(java.lang.String, java.lang.String, java.lang.String)[pri:2, instance:com.chauhan.Saurabh.HomePagetestscripts@6591f517]" started-at="2019-10-14T13:01:28Z" name="validateProductAvilability" data-provider="rightCategory" finished-at="2019-10-14T13:01:30Z" duration-ms="2023" status="PASS">
          <params>
            <param index="0">
              <value>
                <![CDATA[Software]]>
              </value>
            </param>
            <param index="1">
              <value>
                <![CDATA[windows 8]]>
              </value>
            </param>
            <param index="2">
              <value>
                <![CDATA[Windows 8]]>
              </value>
            </param>
          </params>
          <reporter-output>
          </reporter-output>
        </test-method> <!-- validateProductAvilability -->
        <test-method is-config="true" signature="tearDown(org.testng.ITestResult)[pri:0, instance:com.chauhan.Saurabh.HomePagetestscripts@6591f517]" started-at="2019-10-14T13:01:30Z" name="tearDown" finished-at="2019-10-14T13:01:30Z" duration-ms="1" status="PASS">
          <params>
            <param index="0">
              <value>
                <![CDATA[[TestResult name=validateProductAvilability status=SUCCESS method=HomePagetestscripts.validateProductAvilability(java.lang.String, java.lang.String, java.lang.String)[pri:2, instance:com.chauhan.Saurabh.HomePagetestscripts@6591f517] output={null}]]]>
              </value>
            </param>
          </params>
          <reporter-output>
          </reporter-output>
        </test-method> <!-- tearDown -->
        <test-method signature="validateErrorMessage(java.lang.String, java.lang.String, java.lang.String)[pri:3, instance:com.chauhan.Saurabh.HomePagetestscripts@6591f517]" started-at="2019-10-14T13:01:30Z" name="validateErrorMessage" data-provider="wrongCategory" finished-at="2019-10-14T13:01:32Z" duration-ms="1625" status="PASS">
          <params>
            <param index="0">
              <value>
                <![CDATA[Computer Peripherals]]>
              </value>
            </param>
            <param index="1">
              <value>
                <![CDATA[gyuwdwfduygbed]]>
              </value>
            </param>
            <param index="2">
              <value>
                <![CDATA[There are no available products.]]>
              </value>
            </param>
          </params>
          <reporter-output>
          </reporter-output>
        </test-method> <!-- validateErrorMessage -->
        <test-method is-config="true" signature="tearDown(org.testng.ITestResult)[pri:0, instance:com.chauhan.Saurabh.HomePagetestscripts@6591f517]" started-at="2019-10-14T13:01:32Z" name="tearDown" finished-at="2019-10-14T13:01:32Z" duration-ms="0" status="PASS">
          <params>
            <param index="0">
              <value>
                <![CDATA[[TestResult name=validateErrorMessage status=SUCCESS method=HomePagetestscripts.validateErrorMessage(java.lang.String, java.lang.String, java.lang.String)[pri:3, instance:com.chauhan.Saurabh.HomePagetestscripts@6591f517] output={null}]]]>
              </value>
            </param>
          </params>
          <reporter-output>
          </reporter-output>
        </test-method> <!-- tearDown -->
        <test-method signature="validateErrorMessage(java.lang.String, java.lang.String, java.lang.String)[pri:3, instance:com.chauhan.Saurabh.HomePagetestscripts@6591f517]" started-at="2019-10-14T13:01:32Z" name="validateErrorMessage" data-provider="wrongCategory" finished-at="2019-10-14T13:01:34Z" duration-ms="1797" status="PASS">
          <params>
            <param index="0">
              <value>
                <![CDATA[Computer Peripherals]]>
              </value>
            </param>
            <param index="1">
              <value>
                <![CDATA[gywdcygvgy]]>
              </value>
            </param>
            <param index="2">
              <value>
                <![CDATA[There are no available products.]]>
              </value>
            </param>
          </params>
          <reporter-output>
          </reporter-output>
        </test-method> <!-- validateErrorMessage -->
        <test-method is-config="true" signature="print()[pri:0, instance:com.chauhan.Saurabh.HomePagetestscripts@6591f517]" started-at="2019-10-14T13:01:34Z" name="print" finished-at="2019-10-14T13:01:34Z" duration-ms="1" status="PASS">
          <reporter-output>
          </reporter-output>
        </test-method> <!-- print -->
        <test-method is-config="true" signature="tearDown(org.testng.ITestResult)[pri:0, instance:com.chauhan.Saurabh.HomePagetestscripts@6591f517]" started-at="2019-10-14T13:01:34Z" name="tearDown" finished-at="2019-10-14T13:01:34Z" duration-ms="0" status="PASS">
          <params>
            <param index="0">
              <value>
                <![CDATA[[TestResult name=validateErrorMessage status=SUCCESS method=HomePagetestscripts.validateErrorMessage(java.lang.String, java.lang.String, java.lang.String)[pri:3, instance:com.chauhan.Saurabh.HomePagetestscripts@6591f517] output={null}]]]>
              </value>
            </param>
          </params>
          <reporter-output>
          </reporter-output>
        </test-method> <!-- tearDown -->
      </class> <!-- com.chauhan.Saurabh.HomePagetestscripts -->
    </test> <!-- HomepageTest -->
    <test started-at="2019-10-14T13:01:34Z" name="HeroImageTest" finished-at="2019-10-14T13:02:15Z" duration-ms="40596">
      <class name="com.chauhan.Saurabh.HeroImageProducttestscripts">
        <test-method is-config="true" signature="intitailizeBrowser()[pri:0, instance:com.chauhan.Saurabh.HeroImageProducttestscripts@75f9eccc]" started-at="2019-10-14T13:01:34Z" name="intitailizeBrowser" finished-at="2019-10-14T13:01:55Z" duration-ms="20997" status="PASS">
          <reporter-output>
          </reporter-output>
        </test-method> <!-- intitailizeBrowser -->
        <test-method is-config="true" signature="loadLocatorsFile()[pri:0, instance:com.chauhan.Saurabh.HeroImageProducttestscripts@75f9eccc]" started-at="2019-10-14T13:01:55Z" name="loadLocatorsFile" finished-at="2019-10-14T13:01:55Z" depends-on-methods="com.chauhan.Saurabh.testBase.TestBase.intitailizeBrowser" duration-ms="5" status="PASS">
          <reporter-output>
          </reporter-output>
        </test-method> <!-- loadLocatorsFile -->
        <test-method signature="homePageRedirection()[pri:4, instance:com.chauhan.Saurabh.HeroImageProducttestscripts@75f9eccc]" started-at="2019-10-14T13:01:55Z" name="homePageRedirection" finished-at="2019-10-14T13:01:55Z" duration-ms="71" status="FAIL">
          <exception class="java.lang.AssertionError">
            <message>
              <![CDATA[expected [null] but found [KonaKart]]]>
            </message>
            <full-stacktrace>
              <![CDATA[java.lang.AssertionError: expected [null] but found [KonaKart]
at org.testng.Assert.fail(Assert.java:96)
at org.testng.Assert.failNotEquals(Assert.java:776)
at org.testng.Assert.assertEqualsImpl(Assert.java:132)
at org.testng.Assert.assertEquals(Assert.java:118)
at org.testng.Assert.assertEquals(Assert.java:453)
at org.testng.Assert.assertEquals(Assert.java:463)
at com.chauhan.Saurabh.pages.HomePage.isRedirectionCorrect(HomePage.java:21)
at com.chauhan.Saurabh.HeroImageProducttestscripts.homePageRedirection(HeroImageProducttestscripts.java:43)
at java.base/jdk.internal.reflect.NativeMethodAccessorImpl.invoke0(Native Method)
at java.base/jdk.internal.reflect.NativeMethodAccessorImpl.invoke(NativeMethodAccessorImpl.java:62)
at java.base/jdk.internal.reflect.DelegatingMethodAccessorImpl.invoke(DelegatingMethodAccessorImpl.java:43)
at java.base/java.lang.reflect.Method.invoke(Method.java:567)
at org.testng.internal.MethodInvocationHelper.invokeMethod(MethodInvocationHelper.java:124)
at org.testng.internal.Invoker.invokeMethod(Invoker.java:583)
at org.testng.internal.Invoker.invokeTestMethod(Invoker.java:719)
at org.testng.internal.Invoker.invokeTestMethods(Invoker.java:989)
at org.testng.internal.TestMethodWorker.invokeTestMethods(TestMethodWorker.java:125)
at org.testng.internal.TestMethodWorker.run(TestMethodWorker.java:109)
at org.testng.TestRunner.privateRun(TestRunner.java:648)
at org.testng.TestRunner.run(TestRunner.java:505)
at org.testng.SuiteRunner.runTest(SuiteRunner.java:455)
at org.testng.SuiteRunner.runSequentially(SuiteRunner.java:450)
at org.testng.SuiteRunner.privateRun(SuiteRunner.java:415)
at org.testng.SuiteRunner.run(SuiteRunner.java:364)
at org.testng.SuiteRunnerWorker.runSuite(SuiteRunnerWorker.java:52)
at org.testng.SuiteRunnerWorker.run(SuiteRunnerWorker.java:84)
at org.testng.TestNG.runSuitesSequentially(TestNG.java:1208)
at org.testng.TestNG.runSuitesLocally(TestNG.java:1137)
at org.testng.TestNG.runSuites(TestNG.java:1049)
at org.testng.TestNG.run(TestNG.java:1017)
at org.apache.maven.surefire.testng.TestNGExecutor.run(TestNGExecutor.java:283)
at org.apache.maven.surefire.testng.TestNGXmlTestSuite.execute(TestNGXmlTestSuite.java:75)
at org.apache.maven.surefire.testng.TestNGProvider.invoke(TestNGProvider.java:120)
at org.apache.maven.surefire.booter.ForkedBooter.invokeProviderInSameClassLoader(ForkedBooter.java:384)
at org.apache.maven.surefire.booter.ForkedBooter.runSuitesInProcess(ForkedBooter.java:345)
at org.apache.maven.surefire.booter.ForkedBooter.execute(ForkedBooter.java:126)
at org.apache.maven.surefire.booter.ForkedBooter.main(ForkedBooter.java:418)
]]>
            </full-stacktrace>
          </exception> <!-- java.lang.AssertionError -->
          <reporter-output>
          </reporter-output>
        </test-method> <!-- homePageRedirection -->
        <test-method is-config="true" signature="tearDown(org.testng.ITestResult)[pri:0, instance:com.chauhan.Saurabh.HeroImageProducttestscripts@75f9eccc]" started-at="2019-10-14T13:01:55Z" name="tearDown" finished-at="2019-10-14T13:01:56Z" duration-ms="715" status="PASS">
          <params>
            <param index="0">
              <value>
                <![CDATA[[TestResult name=homePageRedirection status=FAILURE method=HeroImageProducttestscripts.homePageRedirection()[pri:4, instance:com.chauhan.Saurabh.HeroImageProducttestscripts@75f9eccc] output={null}]]]>
              </value>
            </param>
          </params>
          <reporter-output>
          </reporter-output>
        </test-method> <!-- tearDown -->
        <test-method signature="validateContents()[pri:5, instance:com.chauhan.Saurabh.HeroImageProducttestscripts@75f9eccc]" started-at="2019-10-14T13:01:56Z" name="validateContents" finished-at="2019-10-14T13:02:02Z" duration-ms="6606" status="PASS">
          <reporter-output>
          </reporter-output>
        </test-method> <!-- validateContents -->
        <test-method is-config="true" signature="tearDown(org.testng.ITestResult)[pri:0, instance:com.chauhan.Saurabh.HeroImageProducttestscripts@75f9eccc]" started-at="2019-10-14T13:02:02Z" name="tearDown" finished-at="2019-10-14T13:02:02Z" duration-ms="1" status="PASS">
          <params>
            <param index="0">
              <value>
                <![CDATA[[TestResult name=validateContents status=SUCCESS method=HeroImageProducttestscripts.validateContents()[pri:5, instance:com.chauhan.Saurabh.HeroImageProducttestscripts@75f9eccc] output={null}]]]>
              </value>
            </param>
          </params>
          <reporter-output>
          </reporter-output>
        </test-method> <!-- tearDown -->
        <test-method signature="validateSortingFunctionality()[pri:6, instance:com.chauhan.Saurabh.HeroImageProducttestscripts@75f9eccc]" started-at="2019-10-14T13:02:02Z" name="validateSortingFunctionality" finished-at="2019-10-14T13:02:03Z" duration-ms="281" status="PASS">
          <reporter-output>
          </reporter-output>
        </test-method> <!-- validateSortingFunctionality -->
        <test-method signature="validateSortingByDate()[pri:7, instance:com.chauhan.Saurabh.HeroImageProducttestscripts@75f9eccc]" started-at="2019-10-14T13:02:03Z" name="validateSortingByDate" finished-at="2019-10-14T13:02:08Z" duration-ms="5071" status="PASS">
          <reporter-output>
          </reporter-output>
        </test-method> <!-- validateSortingByDate -->
        <test-method is-config="true" signature="tearDown(org.testng.ITestResult)[pri:0, instance:com.chauhan.Saurabh.HeroImageProducttestscripts@75f9eccc]" started-at="2019-10-14T13:02:03Z" name="tearDown" finished-at="2019-10-14T13:02:03Z" duration-ms="0" status="PASS">
          <params>
            <param index="0">
              <value>
                <![CDATA[[TestResult name=validateSortingFunctionality status=SUCCESS method=HeroImageProducttestscripts.validateSortingFunctionality()[pri:6, instance:com.chauhan.Saurabh.HeroImageProducttestscripts@75f9eccc] output={null}]]]>
              </value>
            </param>
          </params>
          <reporter-output>
          </reporter-output>
        </test-method> <!-- tearDown -->
        <test-method is-config="true" signature="tearDown(org.testng.ITestResult)[pri:0, instance:com.chauhan.Saurabh.HeroImageProducttestscripts@75f9eccc]" started-at="2019-10-14T13:02:08Z" name="tearDown" finished-at="2019-10-14T13:02:08Z" duration-ms="0" status="PASS">
          <params>
            <param index="0">
              <value>
                <![CDATA[[TestResult name=validateSortingByDate status=SUCCESS method=HeroImageProducttestscripts.validateSortingByDate()[pri:7, instance:com.chauhan.Saurabh.HeroImageProducttestscripts@75f9eccc] output={null}]]]>
              </value>
            </param>
          </params>
          <reporter-output>
          </reporter-output>
        </test-method> <!-- tearDown -->
        <test-method signature="validateSortingByRating()[pri:8, instance:com.chauhan.Saurabh.HeroImageProducttestscripts@75f9eccc]" started-at="2019-10-14T13:02:08Z" name="validateSortingByRating" finished-at="2019-10-14T13:02:15Z" duration-ms="6843" status="PASS">
          <reporter-output>
          </reporter-output>
        </test-method> <!-- validateSortingByRating -->
        <test-method is-config="true" signature="tearDown(org.testng.ITestResult)[pri:0, instance:com.chauhan.Saurabh.HeroImageProducttestscripts@75f9eccc]" started-at="2019-10-14T13:02:15Z" name="tearDown" finished-at="2019-10-14T13:02:15Z" duration-ms="1" status="PASS">
          <params>
            <param index="0">
              <value>
                <![CDATA[[TestResult name=validateSortingByRating status=SUCCESS method=HeroImageProducttestscripts.validateSortingByRating()[pri:8, instance:com.chauhan.Saurabh.HeroImageProducttestscripts@75f9eccc] output={null}]]]>
              </value>
            </param>
          </params>
          <reporter-output>
          </reporter-output>
        </test-method> <!-- tearDown -->
        <test-method is-config="true" signature="print()[pri:0, instance:com.chauhan.Saurabh.HeroImageProducttestscripts@75f9eccc]" started-at="2019-10-14T13:02:15Z" name="print" finished-at="2019-10-14T13:02:15Z" duration-ms="0" status="PASS">
          <reporter-output>
          </reporter-output>
        </test-method> <!-- print -->
      </class> <!-- com.chauhan.Saurabh.HeroImageProducttestscripts -->
    </test> <!-- HeroImageTest -->
    <test started-at="2019-10-14T13:02:15Z" name="ComputerPeripheralsTest" finished-at="2019-10-14T13:03:32Z" duration-ms="77220">
      <class name="com.chauhan.Saurabh.HomePageComputerPeripherals">
        <test-method is-config="true" signature="startReport()[pri:0, instance:com.chauhan.Saurabh.HomePageComputerPeripherals@4c6e276e]" started-at="2019-10-14T13:00:43Z" name="startReport" finished-at="2019-10-14T13:00:44Z" duration-ms="283" status="PASS">
          <reporter-output>
          </reporter-output>
        </test-method> <!-- startReport -->
        <test-method is-config="true" signature="intitailizeBrowser()[pri:0, instance:com.chauhan.Saurabh.HomePageComputerPeripherals@4c6e276e]" started-at="2019-10-14T13:02:15Z" name="intitailizeBrowser" finished-at="2019-10-14T13:02:32Z" duration-ms="17247" status="PASS">
          <reporter-output>
          </reporter-output>
        </test-method> <!-- intitailizeBrowser -->
        <test-method is-config="true" signature="loadLocatorsFile()[pri:0, instance:com.chauhan.Saurabh.HomePageComputerPeripherals@4c6e276e]" started-at="2019-10-14T13:02:32Z" name="loadLocatorsFile" finished-at="2019-10-14T13:02:32Z" depends-on-methods="com.chauhan.Saurabh.testBase.TestBase.intitailizeBrowser" duration-ms="6" status="PASS">
          <reporter-output>
          </reporter-output>
        </test-method> <!-- loadLocatorsFile -->
        <test-method signature="validateMessage(java.lang.String, java.lang.String, java.lang.String)[pri:9, instance:com.chauhan.Saurabh.HomePageComputerPeripherals@4c6e276e]" started-at="2019-10-14T13:02:32Z" name="validateMessage" data-provider="wrongProduct" finished-at="2019-10-14T13:02:35Z" duration-ms="2907" status="PASS">
          <params>
            <param index="0">
              <value>
                <![CDATA[Computer Peripherals]]>
              </value>
            </param>
            <param index="1">
              <value>
                <![CDATA[graphics cards]]>
              </value>
            </param>
            <param index="2">
              <value>
                <![CDATA[No products were found for your search]]>
              </value>
            </param>
          </params>
          <reporter-output>
          </reporter-output>
        </test-method> <!-- validateMessage -->
        <test-method is-config="true" signature="tearDown(org.testng.ITestResult)[pri:0, instance:com.chauhan.Saurabh.HomePageComputerPeripherals@4c6e276e]" started-at="2019-10-14T13:02:35Z" name="tearDown" finished-at="2019-10-14T13:02:35Z" duration-ms="0" status="PASS">
          <params>
            <param index="0">
              <value>
                <![CDATA[[TestResult name=validateMessage status=SUCCESS method=HomePageComputerPeripherals.validateMessage(java.lang.String, java.lang.String, java.lang.String)[pri:9, instance:com.chauhan.Saurabh.HomePageComputerPeripherals@4c6e276e] output={null}]]]>
              </value>
            </param>
          </params>
          <reporter-output>
          </reporter-output>
        </test-method> <!-- tearDown -->
        <test-method signature="validateProductAvilability(java.lang.String, java.lang.String, java.lang.String)[pri:10, instance:com.chauhan.Saurabh.HomePageComputerPeripherals@4c6e276e]" started-at="2019-10-14T13:02:35Z" name="validateProductAvilability" data-provider="rightProduct" finished-at="2019-10-14T13:02:42Z" duration-ms="6714" status="FAIL">
          <params>
            <param index="0">
              <value>
                <![CDATA[Computer Peripherals]]>
              </value>
            </param>
            <param index="1">
              <value>
                <![CDATA[graphics cards]]>
              </value>
            </param>
            <param index="2">
              <value>
                <![CDATA[Matrox G200 MMS]]>
              </value>
            </param>
          </params>
          <exception class="org.openqa.selenium.NoSuchElementException">
            <message>
              <![CDATA[no such element: Unable to locate element: {"method":"css selector","selector":"a#ui-id-25"}
  (Session info: chrome=77.0.3865.90)
For documentation on this error, please visit: https://www.seleniumhq.org/exceptions/no_such_element.html
Build info: version: '3.141.59', revision: 'e82be7d358', time: '2018-11-14T08:17:03'
System info: host: 'ATMECSINLT-038', ip: '55.55.52.193', os.name: 'Windows 10', os.arch: 'amd64', os.version: '10.0', java.version: '12.0.1'
Driver info: org.openqa.selenium.chrome.ChromeDriver
Capabilities {acceptInsecureCerts: false, browserName: chrome, browserVersion: 77.0.3865.90, chrome: {chromedriverVersion: 77.0.3865.40 (f484704e052e0..., userDataDir: C:\Users\SAURAB~1.CHA\AppDa...}, goog:chromeOptions: {debuggerAddress: localhost:53308}, javascriptEnabled: true, networkConnectionEnabled: false, pageLoadStrategy: normal, platform: XP, platformName: XP, proxy: Proxy(), setWindowRect: true, strictFileInteractability: false, timeouts: {implicit: 0, pageLoad: 300000, script: 30000}, unhandledPromptBehavior: dismiss and notify}
Session ID: c3f9f030598732b22420595700f6f6d9
*** Element info: {Using=css selector, value=a#ui-id-25}]]>
            </message>
            <full-stacktrace>
              <![CDATA[org.openqa.selenium.NoSuchElementException: no such element: Unable to locate element: {"method":"css selector","selector":"a#ui-id-25"}
  (Session info: chrome=77.0.3865.90)
For documentation on this error, please visit: https://www.seleniumhq.org/exceptions/no_such_element.html
Build info: version: '3.141.59', revision: 'e82be7d358', time: '2018-11-14T08:17:03'
System info: host: 'ATMECSINLT-038', ip: '55.55.52.193', os.name: 'Windows 10', os.arch: 'amd64', os.version: '10.0', java.version: '12.0.1'
Driver info: org.openqa.selenium.chrome.ChromeDriver
Capabilities {acceptInsecureCerts: false, browserName: chrome, browserVersion: 77.0.3865.90, chrome: {chromedriverVersion: 77.0.3865.40 (f484704e052e0..., userDataDir: C:\Users\SAURAB~1.CHA\AppDa...}, goog:chromeOptions: {debuggerAddress: localhost:53308}, javascriptEnabled: true, networkConnectionEnabled: false, pageLoadStrategy: normal, platform: XP, platformName: XP, proxy: Proxy(), setWindowRect: true, strictFileInteractability: false, timeouts: {implicit: 0, pageLoad: 300000, script: 30000}, unhandledPromptBehavior: dismiss and notify}
Session ID: c3f9f030598732b22420595700f6f6d9
*** Element info: {Using=css selector, value=a#ui-id-25}
at java.base/jdk.internal.reflect.NativeConstructorAccessorImpl.newInstance0(Native Method)
at java.base/jdk.internal.reflect.NativeConstructorAccessorImpl.newInstance(NativeConstructorAccessorImpl.java:62)
at java.base/jdk.internal.reflect.DelegatingConstructorAccessorImpl.newInstance(DelegatingConstructorAccessorImpl.java:45)
at java.base/java.lang.reflect.Constructor.newInstanceWithCaller(Constructor.java:500)
at java.base/java.lang.reflect.Constructor.newInstance(Constructor.java:481)
at org.openqa.selenium.remote.http.W3CHttpResponseCodec.createException(W3CHttpResponseCodec.java:187)
at org.openqa.selenium.remote.http.W3CHttpResponseCodec.decode(W3CHttpResponseCodec.java:122)
at org.openqa.selenium.remote.http.W3CHttpResponseCodec.decode(W3CHttpResponseCodec.java:49)
at org.openqa.selenium.remote.HttpCommandExecutor.execute(HttpCommandExecutor.java:158)
at org.openqa.selenium.remote.service.DriverCommandExecutor.execute(DriverCommandExecutor.java:83)
at org.openqa.selenium.remote.RemoteWebDriver.execute(RemoteWebDriver.java:552)
at org.openqa.selenium.remote.RemoteWebDriver.findElement(RemoteWebDriver.java:323)
at org.openqa.selenium.remote.RemoteWebDriver.findElementByCssSelector(RemoteWebDriver.java:420)
at org.openqa.selenium.By$ByCssSelector.findElement(By.java:431)
at org.openqa.selenium.remote.RemoteWebDriver.findElement(RemoteWebDriver.java:315)
at com.chauhan.Saurabh.helpers.WebUtility.selectSelectorType(WebUtility.java:87)
at com.chauhan.Saurabh.helpers.WebUtility.explicitWait(WebUtility.java:374)
at com.chauhan.Saurabh.testflow.HomePageFlow.selectProductByDropdown(HomePageFlow.java:39)
at com.chauhan.Saurabh.HomePageComputerPeripherals.validateProductAvilability(HomePageComputerPeripherals.java:71)
at java.base/jdk.internal.reflect.NativeMethodAccessorImpl.invoke0(Native Method)
at java.base/jdk.internal.reflect.NativeMethodAccessorImpl.invoke(NativeMethodAccessorImpl.java:62)
at java.base/jdk.internal.reflect.DelegatingMethodAccessorImpl.invoke(DelegatingMethodAccessorImpl.java:43)
at java.base/java.lang.reflect.Method.invoke(Method.java:567)
at org.testng.internal.MethodInvocationHelper.invokeMethod(MethodInvocationHelper.java:124)
at org.testng.internal.Invoker.invokeMethod(Invoker.java:583)
at org.testng.internal.Invoker.invokeTestMethod(Invoker.java:719)
at org.testng.internal.Invoker.invokeTestMethods(Invoker.java:989)
at org.testng.internal.TestMethodWorker.invokeTestMethods(TestMethodWorker.java:125)
at org.testng.internal.TestMethodWorker.run(TestMethodWorker.java:109)
at org.testng.TestRunner.privateRun(TestRunner.java:648)
at org.testng.TestRunner.run(TestRunner.java:505)
at org.testng.SuiteRunner.runTest(SuiteRunner.java:455)
at org.testng.SuiteRunner.runSequentially(SuiteRunner.java:450)
at org.testng.SuiteRunner.privateRun(SuiteRunner.java:415)
at org.testng.SuiteRunner.run(SuiteRunner.java:364)
at org.testng.SuiteRunnerWorker.runSuite(SuiteRunnerWorker.java:52)
at org.testng.SuiteRunnerWorker.run(SuiteRunnerWorker.java:84)
at org.testng.TestNG.runSuitesSequentially(TestNG.java:1208)
at org.testng.TestNG.runSuitesLocally(TestNG.java:1137)
at org.testng.TestNG.runSuites(TestNG.java:1049)
at org.testng.TestNG.run(TestNG.java:1017)
at org.apache.maven.surefire.testng.TestNGExecutor.run(TestNGExecutor.java:283)
at org.apache.maven.surefire.testng.TestNGXmlTestSuite.execute(TestNGXmlTestSuite.java:75)
at org.apache.maven.surefire.testng.TestNGProvider.invoke(TestNGProvider.java:120)
at org.apache.maven.surefire.booter.ForkedBooter.invokeProviderInSameClassLoader(ForkedBooter.java:384)
at org.apache.maven.surefire.booter.ForkedBooter.runSuitesInProcess(ForkedBooter.java:345)
at org.apache.maven.surefire.booter.ForkedBooter.execute(ForkedBooter.java:126)
at org.apache.maven.surefire.booter.ForkedBooter.main(ForkedBooter.java:418)
]]>
            </full-stacktrace>
          </exception> <!-- org.openqa.selenium.NoSuchElementException -->
          <reporter-output>
          </reporter-output>
        </test-method> <!-- validateProductAvilability -->
        <test-method is-config="true" signature="tearDown(org.testng.ITestResult)[pri:0, instance:com.chauhan.Saurabh.HomePageComputerPeripherals@4c6e276e]" started-at="2019-10-14T13:02:42Z" name="tearDown" finished-at="2019-10-14T13:02:42Z" duration-ms="341" status="PASS">
          <params>
            <param index="0">
              <value>
                <![CDATA[[TestResult name=validateProductAvilability status=FAILURE method=HomePageComputerPeripherals.validateProductAvilability(java.lang.String, java.lang.String, java.lang.String)[pri:10, instance:com.chauhan.Saurabh.HomePageComputerPeripherals@4c6e276e] output={null}]]]>
              </value>
            </param>
          </params>
          <reporter-output>
          </reporter-output>
        </test-method> <!-- tearDown -->
        <test-method signature="validatePricingSortingFunctionality(java.lang.String)[pri:11, instance:com.chauhan.Saurabh.HomePageComputerPeripherals@4c6e276e]" started-at="2019-10-14T13:02:42Z" name="validatePricingSortingFunctionality" data-provider="pricing" finished-at="2019-10-14T13:02:53Z" duration-ms="11130" status="PASS">
          <params>
            <param index="0">
              <value>
                <![CDATA[30]]>
              </value>
            </param>
          </params>
          <reporter-output>
          </reporter-output>
        </test-method> <!-- validatePricingSortingFunctionality -->
        <test-method is-config="true" signature="tearDown(org.testng.ITestResult)[pri:0, instance:com.chauhan.Saurabh.HomePageComputerPeripherals@4c6e276e]" started-at="2019-10-14T13:02:53Z" name="tearDown" finished-at="2019-10-14T13:02:53Z" duration-ms="0" status="PASS">
          <params>
            <param index="0">
              <value>
                <![CDATA[[TestResult name=validatePricingSortingFunctionality status=SUCCESS method=HomePageComputerPeripherals.validatePricingSortingFunctionality(java.lang.String)[pri:11, instance:com.chauhan.Saurabh.HomePageComputerPeripherals@4c6e276e] output={null}]]]>
              </value>
            </param>
          </params>
          <reporter-output>
          </reporter-output>
        </test-method> <!-- tearDown -->
        <test-method signature="validatePricingSortingFunctionality(java.lang.String)[pri:11, instance:com.chauhan.Saurabh.HomePageComputerPeripherals@4c6e276e]" started-at="2019-10-14T13:02:53Z" name="validatePricingSortingFunctionality" data-provider="pricing" finished-at="2019-10-14T13:03:01Z" duration-ms="8037" status="PASS">
          <params>
            <param index="0">
              <value>
                <![CDATA[60]]>
              </value>
            </param>
          </params>
          <reporter-output>
          </reporter-output>
        </test-method> <!-- validatePricingSortingFunctionality -->
        <test-method is-config="true" signature="tearDown(org.testng.ITestResult)[pri:0, instance:com.chauhan.Saurabh.HomePageComputerPeripherals@4c6e276e]" started-at="2019-10-14T13:03:01Z" name="tearDown" finished-at="2019-10-14T13:03:01Z" duration-ms="1" status="PASS">
          <params>
            <param index="0">
              <value>
                <![CDATA[[TestResult name=validatePricingSortingFunctionality status=SUCCESS method=HomePageComputerPeripherals.validatePricingSortingFunctionality(java.lang.String)[pri:11, instance:com.chauhan.Saurabh.HomePageComputerPeripherals@4c6e276e] output={null}]]]>
              </value>
            </param>
          </params>
          <reporter-output>
          </reporter-output>
        </test-method> <!-- tearDown -->
        <test-method signature="validatePricingSortingFunctionality(java.lang.String)[pri:11, instance:com.chauhan.Saurabh.HomePageComputerPeripherals@4c6e276e]" started-at="2019-10-14T13:03:01Z" name="validatePricingSortingFunctionality" data-provider="pricing" finished-at="2019-10-14T13:03:14Z" duration-ms="12546" status="PASS">
          <params>
            <param index="0">
              <value>
                <![CDATA[90]]>
              </value>
            </param>
          </params>
          <reporter-output>
          </reporter-output>
        </test-method> <!-- validatePricingSortingFunctionality -->
        <test-method is-config="true" signature="tearDown(org.testng.ITestResult)[pri:0, instance:com.chauhan.Saurabh.HomePageComputerPeripherals@4c6e276e]" started-at="2019-10-14T13:03:14Z" name="tearDown" finished-at="2019-10-14T13:03:14Z" duration-ms="0" status="PASS">
          <params>
            <param index="0">
              <value>
                <![CDATA[[TestResult name=validatePricingSortingFunctionality status=SUCCESS method=HomePageComputerPeripherals.validatePricingSortingFunctionality(java.lang.String)[pri:11, instance:com.chauhan.Saurabh.HomePageComputerPeripherals@4c6e276e] output={null}]]]>
              </value>
            </param>
          </params>
          <reporter-output>
          </reporter-output>
        </test-method> <!-- tearDown -->
        <test-method signature="validatePricingSortingFunctionality(java.lang.String)[pri:11, instance:com.chauhan.Saurabh.HomePageComputerPeripherals@4c6e276e]" started-at="2019-10-14T13:03:14Z" name="validatePricingSortingFunctionality" data-provider="pricing" finished-at="2019-10-14T13:03:22Z" duration-ms="8147" status="PASS">
          <params>
            <param index="0">
              <value>
                <![CDATA[120]]>
              </value>
            </param>
          </params>
          <reporter-output>
          </reporter-output>
        </test-method> <!-- validatePricingSortingFunctionality -->
        <test-method is-config="true" signature="tearDown(org.testng.ITestResult)[pri:0, instance:com.chauhan.Saurabh.HomePageComputerPeripherals@4c6e276e]" started-at="2019-10-14T13:03:22Z" name="tearDown" finished-at="2019-10-14T13:03:22Z" duration-ms="1" status="PASS">
          <params>
            <param index="0">
              <value>
                <![CDATA[[TestResult name=validatePricingSortingFunctionality status=SUCCESS method=HomePageComputerPeripherals.validatePricingSortingFunctionality(java.lang.String)[pri:11, instance:com.chauhan.Saurabh.HomePageComputerPeripherals@4c6e276e] output={null}]]]>
              </value>
            </param>
          </params>
          <reporter-output>
          </reporter-output>
        </test-method> <!-- tearDown -->
        <test-method signature="validatePricingSortingFunctionality(java.lang.String)[pri:11, instance:com.chauhan.Saurabh.HomePageComputerPeripherals@4c6e276e]" started-at="2019-10-14T13:03:22Z" name="validatePricingSortingFunctionality" data-provider="pricing" finished-at="2019-10-14T13:03:32Z" duration-ms="9904" status="PASS">
          <params>
            <param index="0">
              <value>
                <![CDATA[150]]>
              </value>
            </param>
          </params>
          <reporter-output>
          </reporter-output>
        </test-method> <!-- validatePricingSortingFunctionality -->
        <test-method is-config="true" signature="tearDown(org.testng.ITestResult)[pri:0, instance:com.chauhan.Saurabh.HomePageComputerPeripherals@4c6e276e]" started-at="2019-10-14T13:03:32Z" name="tearDown" finished-at="2019-10-14T13:03:32Z" duration-ms="0" status="PASS">
          <params>
            <param index="0">
              <value>
                <![CDATA[[TestResult name=validatePricingSortingFunctionality status=SUCCESS method=HomePageComputerPeripherals.validatePricingSortingFunctionality(java.lang.String)[pri:11, instance:com.chauhan.Saurabh.HomePageComputerPeripherals@4c6e276e] output={null}]]]>
              </value>
            </param>
          </params>
          <reporter-output>
          </reporter-output>
        </test-method> <!-- tearDown -->
        <test-method is-config="true" signature="print()[pri:0, instance:com.chauhan.Saurabh.HomePageComputerPeripherals@4c6e276e]" started-at="2019-10-14T13:03:32Z" name="print" finished-at="2019-10-14T13:03:32Z" duration-ms="0" status="PASS">
          <reporter-output>
          </reporter-output>
        </test-method> <!-- print -->
        <test-method is-config="true" signature="endReport()[pri:0, instance:com.chauhan.Saurabh.HomePageComputerPeripherals@4c6e276e]" started-at="2019-10-14T13:03:32Z" name="endReport" finished-at="2019-10-14T13:03:33Z" duration-ms="856" status="PASS">
          <reporter-output>
          </reporter-output>
        </test-method> <!-- endReport -->
      </class> <!-- com.chauhan.Saurabh.HomePageComputerPeripherals -->
    </test> <!-- ComputerPeripheralsTest -->
  </suite> <!-- Suite -->
</testng-results>
